{
  "message" : "/opt/dataIn/IE002_NAP_BN_00022637_AU.mrc->/opt/dataOut/output-au-20161108",
  "status" : null,
  "convertorStatus" : null
}